{
    "/Users/chandan/Work/Tke_Mobility/Tke_Mobility_Dev/mongo-queue/lib/queue.js": {
        "path": "/Users/chandan/Work/Tke_Mobility/Tke_Mobility_Dev/mongo-queue/lib/queue.js",
        "statementMap": {
            "0": {
                "start": {
                    "line": 5,
                    "column": 16
                },
                "end": {
                    "line": 5,
                    "column": 35
                }
            },
            "1": {
                "start": {
                    "line": 6,
                    "column": 16
                },
                "end": {
                    "line": 6,
                    "column": 31
                }
            },
            "2": {
                "start": {
                    "line": 7,
                    "column": 14
                },
                "end": {
                    "line": 7,
                    "column": 32
                }
            },
            "3": {
                "start": {
                    "line": 9,
                    "column": 21
                },
                "end": {
                    "line": 16,
                    "column": 1
                }
            },
            "4": {
                "start": {
                    "line": 18,
                    "column": 24
                },
                "end": {
                    "line": 18,
                    "column": 59
                }
            },
            "5": {
                "start": {
                    "line": 30,
                    "column": 0
                },
                "end": {
                    "line": 427,
                    "column": 2
                }
            },
            "6": {
                "start": {
                    "line": 31,
                    "column": 25
                },
                "end": {
                    "line": 31,
                    "column": 44
                }
            },
            "7": {
                "start": {
                    "line": 32,
                    "column": 20
                },
                "end": {
                    "line": 32,
                    "column": 34
                }
            },
            "8": {
                "start": {
                    "line": 33,
                    "column": 23
                },
                "end": {
                    "line": 33,
                    "column": 40
                }
            },
            "9": {
                "start": {
                    "line": 34,
                    "column": 20
                },
                "end": {
                    "line": 34,
                    "column": 34
                }
            },
            "10": {
                "start": {
                    "line": 35,
                    "column": 20
                },
                "end": {
                    "line": 35,
                    "column": 34
                }
            },
            "11": {
                "start": {
                    "line": 36,
                    "column": 21
                },
                "end": {
                    "line": 36,
                    "column": 36
                }
            },
            "12": {
                "start": {
                    "line": 37,
                    "column": 20
                },
                "end": {
                    "line": 37,
                    "column": 34
                }
            },
            "13": {
                "start": {
                    "line": 38,
                    "column": 29
                },
                "end": {
                    "line": 38,
                    "column": 59
                }
            },
            "14": {
                "start": {
                    "line": 39,
                    "column": 36
                },
                "end": {
                    "line": 39,
                    "column": 66
                }
            },
            "15": {
                "start": {
                    "line": 40,
                    "column": 13
                },
                "end": {
                    "line": 40,
                    "column": 35
                }
            },
            "16": {
                "start": {
                    "line": 41,
                    "column": 33
                },
                "end": {
                    "line": 41,
                    "column": 60
                }
            },
            "17": {
                "start": {
                    "line": 43,
                    "column": 2
                },
                "end": {
                    "line": 45,
                    "column": 4
                }
            },
            "18": {
                "start": {
                    "line": 44,
                    "column": 4
                },
                "end": {
                    "line": 44,
                    "column": 73
                }
            },
            "19": {
                "start": {
                    "line": 47,
                    "column": 2
                },
                "end": {
                    "line": 53,
                    "column": 4
                }
            },
            "20": {
                "start": {
                    "line": 66,
                    "column": 4
                },
                "end": {
                    "line": 66,
                    "column": 50
                }
            },
            "21": {
                "start": {
                    "line": 82,
                    "column": 4
                },
                "end": {
                    "line": 92,
                    "column": 28
                }
            },
            "22": {
                "start": {
                    "line": 88,
                    "column": 8
                },
                "end": {
                    "line": 90,
                    "column": 9
                }
            },
            "23": {
                "start": {
                    "line": 89,
                    "column": 10
                },
                "end": {
                    "line": 89,
                    "column": 20
                }
            },
            "24": {
                "start": {
                    "line": 102,
                    "column": 4
                },
                "end": {
                    "line": 113,
                    "column": 28
                }
            },
            "25": {
                "start": {
                    "line": 105,
                    "column": 24
                },
                "end": {
                    "line": 105,
                    "column": 59
                }
            },
            "26": {
                "start": {
                    "line": 106,
                    "column": 8
                },
                "end": {
                    "line": 111,
                    "column": 11
                }
            },
            "27": {
                "start": {
                    "line": 117,
                    "column": 4
                },
                "end": {
                    "line": 117,
                    "column": 44
                }
            },
            "28": {
                "start": {
                    "line": 121,
                    "column": 4
                },
                "end": {
                    "line": 134,
                    "column": 9
                }
            },
            "29": {
                "start": {
                    "line": 123,
                    "column": 21
                },
                "end": {
                    "line": 128,
                    "column": 9
                }
            },
            "30": {
                "start": {
                    "line": 130,
                    "column": 8
                },
                "end": {
                    "line": 130,
                    "column": 39
                }
            },
            "31": {
                "start": {
                    "line": 133,
                    "column": 8
                },
                "end": {
                    "line": 133,
                    "column": 29
                }
            },
            "32": {
                "start": {
                    "line": 139,
                    "column": 4
                },
                "end": {
                    "line": 162,
                    "column": 5
                }
            },
            "33": {
                "start": {
                    "line": 140,
                    "column": 6
                },
                "end": {
                    "line": 140,
                    "column": 40
                }
            },
            "34": {
                "start": {
                    "line": 142,
                    "column": 6
                },
                "end": {
                    "line": 161,
                    "column": 11
                }
            },
            "35": {
                "start": {
                    "line": 144,
                    "column": 10
                },
                "end": {
                    "line": 144,
                    "column": 35
                }
            },
            "36": {
                "start": {
                    "line": 147,
                    "column": 10
                },
                "end": {
                    "line": 147,
                    "column": 40
                }
            },
            "37": {
                "start": {
                    "line": 150,
                    "column": 10
                },
                "end": {
                    "line": 160,
                    "column": 11
                }
            },
            "38": {
                "start": {
                    "line": 151,
                    "column": 12
                },
                "end": {
                    "line": 151,
                    "column": 44
                }
            },
            "39": {
                "start": {
                    "line": 152,
                    "column": 17
                },
                "end": {
                    "line": 160,
                    "column": 11
                }
            },
            "40": {
                "start": {
                    "line": 153,
                    "column": 12
                },
                "end": {
                    "line": 153,
                    "column": 48
                }
            },
            "41": {
                "start": {
                    "line": 155,
                    "column": 12
                },
                "end": {
                    "line": 159,
                    "column": 15
                }
            },
            "42": {
                "start": {
                    "line": 156,
                    "column": 14
                },
                "end": {
                    "line": 158,
                    "column": 15
                }
            },
            "43": {
                "start": {
                    "line": 157,
                    "column": 16
                },
                "end": {
                    "line": 157,
                    "column": 38
                }
            },
            "44": {
                "start": {
                    "line": 166,
                    "column": 4
                },
                "end": {
                    "line": 166,
                    "column": 83
                }
            },
            "45": {
                "start": {
                    "line": 170,
                    "column": 27
                },
                "end": {
                    "line": 177,
                    "column": 5
                }
            },
            "46": {
                "start": {
                    "line": 180,
                    "column": 4
                },
                "end": {
                    "line": 193,
                    "column": 5
                }
            },
            "47": {
                "start": {
                    "line": 181,
                    "column": 6
                },
                "end": {
                    "line": 181,
                    "column": 29
                }
            },
            "48": {
                "start": {
                    "line": 185,
                    "column": 6
                },
                "end": {
                    "line": 192,
                    "column": 8
                }
            },
            "49": {
                "start": {
                    "line": 195,
                    "column": 4
                },
                "end": {
                    "line": 205,
                    "column": 31
                }
            },
            "50": {
                "start": {
                    "line": 197,
                    "column": 8
                },
                "end": {
                    "line": 203,
                    "column": 21
                }
            },
            "51": {
                "start": {
                    "line": 209,
                    "column": 29
                },
                "end": {
                    "line": 218,
                    "column": 6
                }
            },
            "52": {
                "start": {
                    "line": 220,
                    "column": 4
                },
                "end": {
                    "line": 222,
                    "column": 7
                }
            },
            "53": {
                "start": {
                    "line": 221,
                    "column": 6
                },
                "end": {
                    "line": 221,
                    "column": 52
                }
            },
            "54": {
                "start": {
                    "line": 226,
                    "column": 4
                },
                "end": {
                    "line": 229,
                    "column": 5
                }
            },
            "55": {
                "start": {
                    "line": 228,
                    "column": 6
                },
                "end": {
                    "line": 228,
                    "column": 21
                }
            },
            "56": {
                "start": {
                    "line": 234,
                    "column": 24
                },
                "end": {
                    "line": 234,
                    "column": 87
                }
            },
            "57": {
                "start": {
                    "line": 234,
                    "column": 49
                },
                "end": {
                    "line": 234,
                    "column": 86
                }
            },
            "58": {
                "start": {
                    "line": 236,
                    "column": 4
                },
                "end": {
                    "line": 245,
                    "column": 5
                }
            },
            "59": {
                "start": {
                    "line": 238,
                    "column": 6
                },
                "end": {
                    "line": 238,
                    "column": 16
                }
            },
            "60": {
                "start": {
                    "line": 242,
                    "column": 6
                },
                "end": {
                    "line": 244,
                    "column": 9
                }
            },
            "61": {
                "start": {
                    "line": 243,
                    "column": 8
                },
                "end": {
                    "line": 243,
                    "column": 46
                }
            },
            "62": {
                "start": {
                    "line": 249,
                    "column": 4
                },
                "end": {
                    "line": 266,
                    "column": 7
                }
            },
            "63": {
                "start": {
                    "line": 250,
                    "column": 6
                },
                "end": {
                    "line": 265,
                    "column": 8
                }
            },
            "64": {
                "start": {
                    "line": 270,
                    "column": 18
                },
                "end": {
                    "line": 270,
                    "column": 43
                }
            },
            "65": {
                "start": {
                    "line": 272,
                    "column": 4
                },
                "end": {
                    "line": 289,
                    "column": 7
                }
            },
            "66": {
                "start": {
                    "line": 273,
                    "column": 6
                },
                "end": {
                    "line": 288,
                    "column": 8
                }
            },
            "67": {
                "start": {
                    "line": 293,
                    "column": 4
                },
                "end": {
                    "line": 306,
                    "column": 7
                }
            },
            "68": {
                "start": {
                    "line": 294,
                    "column": 6
                },
                "end": {
                    "line": 305,
                    "column": 8
                }
            },
            "69": {
                "start": {
                    "line": 310,
                    "column": 4
                },
                "end": {
                    "line": 337,
                    "column": 7
                }
            },
            "70": {
                "start": {
                    "line": 310,
                    "column": 40
                },
                "end": {
                    "line": 310,
                    "column": 57
                }
            },
            "71": {
                "start": {
                    "line": 311,
                    "column": 21
                },
                "end": {
                    "line": 313,
                    "column": 7
                }
            },
            "72": {
                "start": {
                    "line": 315,
                    "column": 6
                },
                "end": {
                    "line": 325,
                    "column": 7
                }
            },
            "73": {
                "start": {
                    "line": 318,
                    "column": 23
                },
                "end": {
                    "line": 318,
                    "column": 39
                }
            },
            "74": {
                "start": {
                    "line": 319,
                    "column": 20
                },
                "end": {
                    "line": 319,
                    "column": 42
                }
            },
            "75": {
                "start": {
                    "line": 320,
                    "column": 8
                },
                "end": {
                    "line": 320,
                    "column": 76
                }
            },
            "76": {
                "start": {
                    "line": 321,
                    "column": 8
                },
                "end": {
                    "line": 321,
                    "column": 51
                }
            },
            "77": {
                "start": {
                    "line": 322,
                    "column": 8
                },
                "end": {
                    "line": 322,
                    "column": 41
                }
            },
            "78": {
                "start": {
                    "line": 324,
                    "column": 8
                },
                "end": {
                    "line": 324,
                    "column": 46
                }
            },
            "79": {
                "start": {
                    "line": 327,
                    "column": 6
                },
                "end": {
                    "line": 336,
                    "column": 9
                }
            },
            "80": {
                "start": {
                    "line": 328,
                    "column": 8
                },
                "end": {
                    "line": 335,
                    "column": 10
                }
            },
            "81": {
                "start": {
                    "line": 341,
                    "column": 19
                },
                "end": {
                    "line": 341,
                    "column": 43
                }
            },
            "82": {
                "start": {
                    "line": 342,
                    "column": 4
                },
                "end": {
                    "line": 359,
                    "column": 66
                }
            },
            "83": {
                "start": {
                    "line": 344,
                    "column": 8
                },
                "end": {
                    "line": 357,
                    "column": 63
                }
            },
            "84": {
                "start": {
                    "line": 357,
                    "column": 22
                },
                "end": {
                    "line": 357,
                    "column": 61
                }
            },
            "85": {
                "start": {
                    "line": 359,
                    "column": 31
                },
                "end": {
                    "line": 359,
                    "column": 64
                }
            },
            "86": {
                "start": {
                    "line": 363,
                    "column": 23
                },
                "end": {
                    "line": 363,
                    "column": 45
                }
            },
            "87": {
                "start": {
                    "line": 365,
                    "column": 4
                },
                "end": {
                    "line": 368,
                    "column": 5
                }
            },
            "88": {
                "start": {
                    "line": 367,
                    "column": 6
                },
                "end": {
                    "line": 367,
                    "column": 15
                }
            },
            "89": {
                "start": {
                    "line": 370,
                    "column": 4
                },
                "end": {
                    "line": 370,
                    "column": 68
                }
            },
            "90": {
                "start": {
                    "line": 374,
                    "column": 4
                },
                "end": {
                    "line": 415,
                    "column": 22
                }
            },
            "91": {
                "start": {
                    "line": 377,
                    "column": 20
                },
                "end": {
                    "line": 383,
                    "column": 10
                }
            },
            "92": {
                "start": {
                    "line": 378,
                    "column": 10
                },
                "end": {
                    "line": 382,
                    "column": 11
                }
            },
            "93": {
                "start": {
                    "line": 379,
                    "column": 12
                },
                "end": {
                    "line": 379,
                    "column": 39
                }
            },
            "94": {
                "start": {
                    "line": 381,
                    "column": 12
                },
                "end": {
                    "line": 381,
                    "column": 22
                }
            },
            "95": {
                "start": {
                    "line": 385,
                    "column": 8
                },
                "end": {
                    "line": 413,
                    "column": 11
                }
            },
            "96": {
                "start": {
                    "line": 386,
                    "column": 10
                },
                "end": {
                    "line": 412,
                    "column": 41
                }
            },
            "97": {
                "start": {
                    "line": 412,
                    "column": 27
                },
                "end": {
                    "line": 412,
                    "column": 39
                }
            },
            "98": {
                "start": {
                    "line": 419,
                    "column": 4
                },
                "end": {
                    "line": 419,
                    "column": 70
                }
            },
            "99": {
                "start": {
                    "line": 419,
                    "column": 42
                },
                "end": {
                    "line": 419,
                    "column": 68
                }
            },
            "100": {
                "start": {
                    "line": 423,
                    "column": 4
                },
                "end": {
                    "line": 425,
                    "column": 7
                }
            },
            "101": {
                "start": {
                    "line": 424,
                    "column": 6
                },
                "end": {
                    "line": 424,
                    "column": 49
                }
            }
        },
        "fnMap": {
            "0": {
                "name": "(anonymous_0)",
                "decl": {
                    "start": {
                        "line": 30,
                        "column": 17
                    },
                    "end": {
                        "line": 30,
                        "column": 18
                    }
                },
                "loc": {
                    "start": {
                        "line": 30,
                        "column": 33
                    },
                    "end": {
                        "line": 427,
                        "column": 1
                    }
                }
            },
            "1": {
                "name": "(anonymous_1)",
                "decl": {
                    "start": {
                        "line": 43,
                        "column": 24
                    },
                    "end": {
                        "line": 43,
                        "column": 25
                    }
                },
                "loc": {
                    "start": {
                        "line": 44,
                        "column": 4
                    },
                    "end": {
                        "line": 44,
                        "column": 73
                    }
                }
            },
            "2": {
                "name": "enqueue",
                "decl": {
                    "start": {
                        "line": 65,
                        "column": 11
                    },
                    "end": {
                        "line": 65,
                        "column": 18
                    }
                },
                "loc": {
                    "start": {
                        "line": 65,
                        "column": 31
                    },
                    "end": {
                        "line": 67,
                        "column": 3
                    }
                }
            },
            "3": {
                "name": "processNextBatch",
                "decl": {
                    "start": {
                        "line": 81,
                        "column": 11
                    },
                    "end": {
                        "line": 81,
                        "column": 27
                    }
                },
                "loc": {
                    "start": {
                        "line": 81,
                        "column": 38
                    },
                    "end": {
                        "line": 93,
                        "column": 3
                    }
                }
            },
            "4": {
                "name": "(anonymous_4)",
                "decl": {
                    "start": {
                        "line": 85,
                        "column": 13
                    },
                    "end": {
                        "line": 85,
                        "column": 14
                    }
                },
                "loc": {
                    "start": {
                        "line": 85,
                        "column": 28
                    },
                    "end": {
                        "line": 91,
                        "column": 7
                    }
                }
            },
            "5": {
                "name": "cleanup",
                "decl": {
                    "start": {
                        "line": 101,
                        "column": 11
                    },
                    "end": {
                        "line": 101,
                        "column": 18
                    }
                },
                "loc": {
                    "start": {
                        "line": 101,
                        "column": 29
                    },
                    "end": {
                        "line": 114,
                        "column": 3
                    }
                }
            },
            "6": {
                "name": "(anonymous_6)",
                "decl": {
                    "start": {
                        "line": 104,
                        "column": 12
                    },
                    "end": {
                        "line": 104,
                        "column": 13
                    }
                },
                "loc": {
                    "start": {
                        "line": 104,
                        "column": 34
                    },
                    "end": {
                        "line": 112,
                        "column": 7
                    }
                }
            },
            "7": {
                "name": "getCollection",
                "decl": {
                    "start": {
                        "line": 116,
                        "column": 11
                    },
                    "end": {
                        "line": 116,
                        "column": 24
                    }
                },
                "loc": {
                    "start": {
                        "line": 116,
                        "column": 27
                    },
                    "end": {
                        "line": 118,
                        "column": 3
                    }
                }
            },
            "8": {
                "name": "insertNewRecord",
                "decl": {
                    "start": {
                        "line": 120,
                        "column": 11
                    },
                    "end": {
                        "line": 120,
                        "column": 26
                    }
                },
                "loc": {
                    "start": {
                        "line": 120,
                        "column": 35
                    },
                    "end": {
                        "line": 135,
                        "column": 3
                    }
                }
            },
            "9": {
                "name": "(anonymous_9)",
                "decl": {
                    "start": {
                        "line": 122,
                        "column": 12
                    },
                    "end": {
                        "line": 122,
                        "column": 13
                    }
                },
                "loc": {
                    "start": {
                        "line": 122,
                        "column": 34
                    },
                    "end": {
                        "line": 131,
                        "column": 7
                    }
                }
            },
            "10": {
                "name": "(anonymous_10)",
                "decl": {
                    "start": {
                        "line": 132,
                        "column": 12
                    },
                    "end": {
                        "line": 132,
                        "column": 13
                    }
                },
                "loc": {
                    "start": {
                        "line": 132,
                        "column": 30
                    },
                    "end": {
                        "line": 134,
                        "column": 7
                    }
                }
            },
            "11": {
                "name": "processRecord",
                "decl": {
                    "start": {
                        "line": 137,
                        "column": 11
                    },
                    "end": {
                        "line": 137,
                        "column": 24
                    }
                },
                "loc": {
                    "start": {
                        "line": 137,
                        "column": 33
                    },
                    "end": {
                        "line": 163,
                        "column": 3
                    }
                }
            },
            "12": {
                "name": "(anonymous_12)",
                "decl": {
                    "start": {
                        "line": 143,
                        "column": 14
                    },
                    "end": {
                        "line": 143,
                        "column": 15
                    }
                },
                "loc": {
                    "start": {
                        "line": 143,
                        "column": 26
                    },
                    "end": {
                        "line": 145,
                        "column": 9
                    }
                }
            },
            "13": {
                "name": "(anonymous_13)",
                "decl": {
                    "start": {
                        "line": 146,
                        "column": 14
                    },
                    "end": {
                        "line": 146,
                        "column": 15
                    }
                },
                "loc": {
                    "start": {
                        "line": 146,
                        "column": 26
                    },
                    "end": {
                        "line": 148,
                        "column": 9
                    }
                }
            },
            "14": {
                "name": "(anonymous_14)",
                "decl": {
                    "start": {
                        "line": 149,
                        "column": 15
                    },
                    "end": {
                        "line": 149,
                        "column": 16
                    }
                },
                "loc": {
                    "start": {
                        "line": 149,
                        "column": 30
                    },
                    "end": {
                        "line": 161,
                        "column": 9
                    }
                }
            },
            "15": {
                "name": "(anonymous_15)",
                "decl": {
                    "start": {
                        "line": 155,
                        "column": 52
                    },
                    "end": {
                        "line": 155,
                        "column": 53
                    }
                },
                "loc": {
                    "start": {
                        "line": 155,
                        "column": 64
                    },
                    "end": {
                        "line": 159,
                        "column": 13
                    }
                }
            },
            "16": {
                "name": "recordHasFailed",
                "decl": {
                    "start": {
                        "line": 165,
                        "column": 11
                    },
                    "end": {
                        "line": 165,
                        "column": 26
                    }
                },
                "loc": {
                    "start": {
                        "line": 165,
                        "column": 35
                    },
                    "end": {
                        "line": 167,
                        "column": 3
                    }
                }
            },
            "17": {
                "name": "getNextBatch",
                "decl": {
                    "start": {
                        "line": 169,
                        "column": 11
                    },
                    "end": {
                        "line": 169,
                        "column": 23
                    }
                },
                "loc": {
                    "start": {
                        "line": 169,
                        "column": 26
                    },
                    "end": {
                        "line": 206,
                        "column": 3
                    }
                }
            },
            "18": {
                "name": "(anonymous_18)",
                "decl": {
                    "start": {
                        "line": 196,
                        "column": 12
                    },
                    "end": {
                        "line": 196,
                        "column": 13
                    }
                },
                "loc": {
                    "start": {
                        "line": 196,
                        "column": 34
                    },
                    "end": {
                        "line": 204,
                        "column": 7
                    }
                }
            },
            "19": {
                "name": "getAllStatusesCount",
                "decl": {
                    "start": {
                        "line": 208,
                        "column": 11
                    },
                    "end": {
                        "line": 208,
                        "column": 30
                    }
                },
                "loc": {
                    "start": {
                        "line": 208,
                        "column": 33
                    },
                    "end": {
                        "line": 223,
                        "column": 3
                    }
                }
            },
            "20": {
                "name": "(anonymous_20)",
                "decl": {
                    "start": {
                        "line": 220,
                        "column": 32
                    },
                    "end": {
                        "line": 220,
                        "column": 33
                    }
                },
                "loc": {
                    "start": {
                        "line": 220,
                        "column": 54
                    },
                    "end": {
                        "line": 222,
                        "column": 5
                    }
                }
            },
            "21": {
                "name": "prioritizeRecords",
                "decl": {
                    "start": {
                        "line": 225,
                        "column": 11
                    },
                    "end": {
                        "line": 225,
                        "column": 28
                    }
                },
                "loc": {
                    "start": {
                        "line": 225,
                        "column": 38
                    },
                    "end": {
                        "line": 246,
                        "column": 3
                    }
                }
            },
            "22": {
                "name": "(anonymous_22)",
                "decl": {
                    "start": {
                        "line": 234,
                        "column": 37
                    },
                    "end": {
                        "line": 234,
                        "column": 38
                    }
                },
                "loc": {
                    "start": {
                        "line": 234,
                        "column": 49
                    },
                    "end": {
                        "line": 234,
                        "column": 86
                    }
                }
            },
            "23": {
                "name": "(anonymous_23)",
                "decl": {
                    "start": {
                        "line": 242,
                        "column": 28
                    },
                    "end": {
                        "line": 242,
                        "column": 29
                    }
                },
                "loc": {
                    "start": {
                        "line": 242,
                        "column": 46
                    },
                    "end": {
                        "line": 244,
                        "column": 7
                    }
                }
            },
            "24": {
                "name": "processSuccess",
                "decl": {
                    "start": {
                        "line": 248,
                        "column": 11
                    },
                    "end": {
                        "line": 248,
                        "column": 25
                    }
                },
                "loc": {
                    "start": {
                        "line": 248,
                        "column": 34
                    },
                    "end": {
                        "line": 267,
                        "column": 3
                    }
                }
            },
            "25": {
                "name": "(anonymous_25)",
                "decl": {
                    "start": {
                        "line": 249,
                        "column": 32
                    },
                    "end": {
                        "line": 249,
                        "column": 33
                    }
                },
                "loc": {
                    "start": {
                        "line": 249,
                        "column": 54
                    },
                    "end": {
                        "line": 266,
                        "column": 5
                    }
                }
            },
            "26": {
                "name": "processFailure",
                "decl": {
                    "start": {
                        "line": 269,
                        "column": 11
                    },
                    "end": {
                        "line": 269,
                        "column": 25
                    }
                },
                "loc": {
                    "start": {
                        "line": 269,
                        "column": 39
                    },
                    "end": {
                        "line": 290,
                        "column": 3
                    }
                }
            },
            "27": {
                "name": "(anonymous_27)",
                "decl": {
                    "start": {
                        "line": 272,
                        "column": 32
                    },
                    "end": {
                        "line": 272,
                        "column": 33
                    }
                },
                "loc": {
                    "start": {
                        "line": 272,
                        "column": 54
                    },
                    "end": {
                        "line": 289,
                        "column": 5
                    }
                }
            },
            "28": {
                "name": "processSkip",
                "decl": {
                    "start": {
                        "line": 292,
                        "column": 11
                    },
                    "end": {
                        "line": 292,
                        "column": 22
                    }
                },
                "loc": {
                    "start": {
                        "line": 292,
                        "column": 40
                    },
                    "end": {
                        "line": 307,
                        "column": 3
                    }
                }
            },
            "29": {
                "name": "(anonymous_29)",
                "decl": {
                    "start": {
                        "line": 293,
                        "column": 32
                    },
                    "end": {
                        "line": 293,
                        "column": 33
                    }
                },
                "loc": {
                    "start": {
                        "line": 293,
                        "column": 54
                    },
                    "end": {
                        "line": 306,
                        "column": 5
                    }
                }
            },
            "30": {
                "name": "notifyFailedRecord",
                "decl": {
                    "start": {
                        "line": 309,
                        "column": 11
                    },
                    "end": {
                        "line": 309,
                        "column": 29
                    }
                },
                "loc": {
                    "start": {
                        "line": 309,
                        "column": 38
                    },
                    "end": {
                        "line": 338,
                        "column": 3
                    }
                }
            },
            "31": {
                "name": "(anonymous_31)",
                "decl": {
                    "start": {
                        "line": 310,
                        "column": 34
                    },
                    "end": {
                        "line": 310,
                        "column": 35
                    }
                },
                "loc": {
                    "start": {
                        "line": 310,
                        "column": 40
                    },
                    "end": {
                        "line": 310,
                        "column": 57
                    }
                }
            },
            "32": {
                "name": "(anonymous_32)",
                "decl": {
                    "start": {
                        "line": 310,
                        "column": 74
                    },
                    "end": {
                        "line": 310,
                        "column": 75
                    }
                },
                "loc": {
                    "start": {
                        "line": 310,
                        "column": 93
                    },
                    "end": {
                        "line": 337,
                        "column": 5
                    }
                }
            },
            "33": {
                "name": "(anonymous_33)",
                "decl": {
                    "start": {
                        "line": 327,
                        "column": 34
                    },
                    "end": {
                        "line": 327,
                        "column": 35
                    }
                },
                "loc": {
                    "start": {
                        "line": 327,
                        "column": 56
                    },
                    "end": {
                        "line": 336,
                        "column": 7
                    }
                }
            },
            "34": {
                "name": "failImmediately",
                "decl": {
                    "start": {
                        "line": 340,
                        "column": 11
                    },
                    "end": {
                        "line": 340,
                        "column": 26
                    }
                },
                "loc": {
                    "start": {
                        "line": 340,
                        "column": 40
                    },
                    "end": {
                        "line": 360,
                        "column": 3
                    }
                }
            },
            "35": {
                "name": "(anonymous_35)",
                "decl": {
                    "start": {
                        "line": 343,
                        "column": 12
                    },
                    "end": {
                        "line": 343,
                        "column": 13
                    }
                },
                "loc": {
                    "start": {
                        "line": 343,
                        "column": 34
                    },
                    "end": {
                        "line": 358,
                        "column": 7
                    }
                }
            },
            "36": {
                "name": "(anonymous_36)",
                "decl": {
                    "start": {
                        "line": 357,
                        "column": 16
                    },
                    "end": {
                        "line": 357,
                        "column": 17
                    }
                },
                "loc": {
                    "start": {
                        "line": 357,
                        "column": 22
                    },
                    "end": {
                        "line": 357,
                        "column": 61
                    }
                }
            },
            "37": {
                "name": "(anonymous_37)",
                "decl": {
                    "start": {
                        "line": 359,
                        "column": 12
                    },
                    "end": {
                        "line": 359,
                        "column": 13
                    }
                },
                "loc": {
                    "start": {
                        "line": 359,
                        "column": 31
                    },
                    "end": {
                        "line": 359,
                        "column": 64
                    }
                }
            },
            "38": {
                "name": "getErrorBackoffMs",
                "decl": {
                    "start": {
                        "line": 362,
                        "column": 11
                    },
                    "end": {
                        "line": 362,
                        "column": 28
                    }
                },
                "loc": {
                    "start": {
                        "line": 362,
                        "column": 37
                    },
                    "end": {
                        "line": 371,
                        "column": 3
                    }
                }
            },
            "39": {
                "name": "resetRecords",
                "decl": {
                    "start": {
                        "line": 373,
                        "column": 11
                    },
                    "end": {
                        "line": 373,
                        "column": 23
                    }
                },
                "loc": {
                    "start": {
                        "line": 373,
                        "column": 39
                    },
                    "end": {
                        "line": 416,
                        "column": 3
                    }
                }
            },
            "40": {
                "name": "(anonymous_40)",
                "decl": {
                    "start": {
                        "line": 375,
                        "column": 12
                    },
                    "end": {
                        "line": 375,
                        "column": 13
                    }
                },
                "loc": {
                    "start": {
                        "line": 375,
                        "column": 18
                    },
                    "end": {
                        "line": 414,
                        "column": 7
                    }
                }
            },
            "41": {
                "name": "(anonymous_41)",
                "decl": {
                    "start": {
                        "line": 377,
                        "column": 34
                    },
                    "end": {
                        "line": 377,
                        "column": 35
                    }
                },
                "loc": {
                    "start": {
                        "line": 377,
                        "column": 42
                    },
                    "end": {
                        "line": 383,
                        "column": 9
                    }
                }
            },
            "42": {
                "name": "(anonymous_42)",
                "decl": {
                    "start": {
                        "line": 385,
                        "column": 36
                    },
                    "end": {
                        "line": 385,
                        "column": 37
                    }
                },
                "loc": {
                    "start": {
                        "line": 385,
                        "column": 58
                    },
                    "end": {
                        "line": 413,
                        "column": 9
                    }
                }
            },
            "43": {
                "name": "(anonymous_43)",
                "decl": {
                    "start": {
                        "line": 412,
                        "column": 18
                    },
                    "end": {
                        "line": 412,
                        "column": 19
                    }
                },
                "loc": {
                    "start": {
                        "line": 412,
                        "column": 27
                    },
                    "end": {
                        "line": 412,
                        "column": 39
                    }
                }
            },
            "44": {
                "name": "ensureIndexes",
                "decl": {
                    "start": {
                        "line": 418,
                        "column": 11
                    },
                    "end": {
                        "line": 418,
                        "column": 24
                    }
                },
                "loc": {
                    "start": {
                        "line": 418,
                        "column": 27
                    },
                    "end": {
                        "line": 420,
                        "column": 3
                    }
                }
            },
            "45": {
                "name": "(anonymous_45)",
                "decl": {
                    "start": {
                        "line": 419,
                        "column": 32
                    },
                    "end": {
                        "line": 419,
                        "column": 33
                    }
                },
                "loc": {
                    "start": {
                        "line": 419,
                        "column": 42
                    },
                    "end": {
                        "line": 419,
                        "column": 68
                    }
                }
            },
            "46": {
                "name": "statusesCheck",
                "decl": {
                    "start": {
                        "line": 422,
                        "column": 11
                    },
                    "end": {
                        "line": 422,
                        "column": 24
                    }
                },
                "loc": {
                    "start": {
                        "line": 422,
                        "column": 27
                    },
                    "end": {
                        "line": 426,
                        "column": 3
                    }
                }
            },
            "47": {
                "name": "(anonymous_47)",
                "decl": {
                    "start": {
                        "line": 423,
                        "column": 60
                    },
                    "end": {
                        "line": 423,
                        "column": 61
                    }
                },
                "loc": {
                    "start": {
                        "line": 423,
                        "column": 83
                    },
                    "end": {
                        "line": 425,
                        "column": 5
                    }
                }
            }
        },
        "branchMap": {
            "0": {
                "loc": {
                    "start": {
                        "line": 38,
                        "column": 29
                    },
                    "end": {
                        "line": 38,
                        "column": 59
                    }
                },
                "type": "binary-expr",
                "locations": [
                    {
                        "start": {
                            "line": 38,
                            "column": 29
                        },
                        "end": {
                            "line": 38,
                            "column": 52
                        }
                    },
                    {
                        "start": {
                            "line": 38,
                            "column": 56
                        },
                        "end": {
                            "line": 38,
                            "column": 59
                        }
                    }
                ]
            },
            "1": {
                "loc": {
                    "start": {
                        "line": 44,
                        "column": 56
                    },
                    "end": {
                        "line": 44,
                        "column": 72
                    }
                },
                "type": "binary-expr",
                "locations": [
                    {
                        "start": {
                            "line": 44,
                            "column": 56
                        },
                        "end": {
                            "line": 44,
                            "column": 65
                        }
                    },
                    {
                        "start": {
                            "line": 44,
                            "column": 69
                        },
                        "end": {
                            "line": 44,
                            "column": 72
                        }
                    }
                ]
            },
            "2": {
                "loc": {
                    "start": {
                        "line": 88,
                        "column": 8
                    },
                    "end": {
                        "line": 90,
                        "column": 9
                    }
                },
                "type": "if",
                "locations": [
                    {
                        "start": {
                            "line": 88,
                            "column": 8
                        },
                        "end": {
                            "line": 90,
                            "column": 9
                        }
                    },
                    {
                        "start": {
                            "line": 88,
                            "column": 8
                        },
                        "end": {
                            "line": 90,
                            "column": 9
                        }
                    }
                ]
            },
            "3": {
                "loc": {
                    "start": {
                        "line": 139,
                        "column": 4
                    },
                    "end": {
                        "line": 162,
                        "column": 5
                    }
                },
                "type": "if",
                "locations": [
                    {
                        "start": {
                            "line": 139,
                            "column": 4
                        },
                        "end": {
                            "line": 162,
                            "column": 5
                        }
                    },
                    {
                        "start": {
                            "line": 139,
                            "column": 4
                        },
                        "end": {
                            "line": 162,
                            "column": 5
                        }
                    }
                ]
            },
            "4": {
                "loc": {
                    "start": {
                        "line": 150,
                        "column": 10
                    },
                    "end": {
                        "line": 160,
                        "column": 11
                    }
                },
                "type": "if",
                "locations": [
                    {
                        "start": {
                            "line": 150,
                            "column": 10
                        },
                        "end": {
                            "line": 160,
                            "column": 11
                        }
                    },
                    {
                        "start": {
                            "line": 150,
                            "column": 10
                        },
                        "end": {
                            "line": 160,
                            "column": 11
                        }
                    }
                ]
            },
            "5": {
                "loc": {
                    "start": {
                        "line": 152,
                        "column": 17
                    },
                    "end": {
                        "line": 160,
                        "column": 11
                    }
                },
                "type": "if",
                "locations": [
                    {
                        "start": {
                            "line": 152,
                            "column": 17
                        },
                        "end": {
                            "line": 160,
                            "column": 11
                        }
                    },
                    {
                        "start": {
                            "line": 152,
                            "column": 17
                        },
                        "end": {
                            "line": 160,
                            "column": 11
                        }
                    }
                ]
            },
            "6": {
                "loc": {
                    "start": {
                        "line": 156,
                        "column": 14
                    },
                    "end": {
                        "line": 158,
                        "column": 15
                    }
                },
                "type": "if",
                "locations": [
                    {
                        "start": {
                            "line": 156,
                            "column": 14
                        },
                        "end": {
                            "line": 158,
                            "column": 15
                        }
                    },
                    {
                        "start": {
                            "line": 156,
                            "column": 14
                        },
                        "end": {
                            "line": 158,
                            "column": 15
                        }
                    }
                ]
            },
            "7": {
                "loc": {
                    "start": {
                        "line": 166,
                        "column": 11
                    },
                    "end": {
                        "line": 166,
                        "column": 82
                    }
                },
                "type": "binary-expr",
                "locations": [
                    {
                        "start": {
                            "line": 166,
                            "column": 11
                        },
                        "end": {
                            "line": 166,
                            "column": 26
                        }
                    },
                    {
                        "start": {
                            "line": 166,
                            "column": 30
                        },
                        "end": {
                            "line": 166,
                            "column": 47
                        }
                    },
                    {
                        "start": {
                            "line": 166,
                            "column": 51
                        },
                        "end": {
                            "line": 166,
                            "column": 82
                        }
                    }
                ]
            },
            "8": {
                "loc": {
                    "start": {
                        "line": 180,
                        "column": 4
                    },
                    "end": {
                        "line": 193,
                        "column": 5
                    }
                },
                "type": "if",
                "locations": [
                    {
                        "start": {
                            "line": 180,
                            "column": 4
                        },
                        "end": {
                            "line": 193,
                            "column": 5
                        }
                    },
                    {
                        "start": {
                            "line": 180,
                            "column": 4
                        },
                        "end": {
                            "line": 193,
                            "column": 5
                        }
                    }
                ]
            },
            "9": {
                "loc": {
                    "start": {
                        "line": 226,
                        "column": 4
                    },
                    "end": {
                        "line": 229,
                        "column": 5
                    }
                },
                "type": "if",
                "locations": [
                    {
                        "start": {
                            "line": 226,
                            "column": 4
                        },
                        "end": {
                            "line": 229,
                            "column": 5
                        }
                    },
                    {
                        "start": {
                            "line": 226,
                            "column": 4
                        },
                        "end": {
                            "line": 229,
                            "column": 5
                        }
                    }
                ]
            },
            "10": {
                "loc": {
                    "start": {
                        "line": 236,
                        "column": 4
                    },
                    "end": {
                        "line": 245,
                        "column": 5
                    }
                },
                "type": "if",
                "locations": [
                    {
                        "start": {
                            "line": 236,
                            "column": 4
                        },
                        "end": {
                            "line": 245,
                            "column": 5
                        }
                    },
                    {
                        "start": {
                            "line": 236,
                            "column": 4
                        },
                        "end": {
                            "line": 245,
                            "column": 5
                        }
                    }
                ]
            },
            "11": {
                "loc": {
                    "start": {
                        "line": 236,
                        "column": 8
                    },
                    "end": {
                        "line": 236,
                        "column": 57
                    }
                },
                "type": "binary-expr",
                "locations": [
                    {
                        "start": {
                            "line": 236,
                            "column": 8
                        },
                        "end": {
                            "line": 236,
                            "column": 19
                        }
                    },
                    {
                        "start": {
                            "line": 236,
                            "column": 23
                        },
                        "end": {
                            "line": 236,
                            "column": 57
                        }
                    }
                ]
            },
            "12": {
                "loc": {
                    "start": {
                        "line": 281,
                        "column": 27
                    },
                    "end": {
                        "line": 281,
                        "column": 52
                    }
                },
                "type": "binary-expr",
                "locations": [
                    {
                        "start": {
                            "line": 281,
                            "column": 28
                        },
                        "end": {
                            "line": 281,
                            "column": 31
                        }
                    },
                    {
                        "start": {
                            "line": 281,
                            "column": 35
                        },
                        "end": {
                            "line": 281,
                            "column": 44
                        }
                    },
                    {
                        "start": {
                            "line": 281,
                            "column": 49
                        },
                        "end": {
                            "line": 281,
                            "column": 52
                        }
                    }
                ]
            },
            "13": {
                "loc": {
                    "start": {
                        "line": 315,
                        "column": 6
                    },
                    "end": {
                        "line": 325,
                        "column": 7
                    }
                },
                "type": "if",
                "locations": [
                    {
                        "start": {
                            "line": 315,
                            "column": 6
                        },
                        "end": {
                            "line": 325,
                            "column": 7
                        }
                    },
                    {
                        "start": {
                            "line": 315,
                            "column": 6
                        },
                        "end": {
                            "line": 325,
                            "column": 7
                        }
                    }
                ]
            },
            "14": {
                "loc": {
                    "start": {
                        "line": 319,
                        "column": 20
                    },
                    "end": {
                        "line": 319,
                        "column": 42
                    }
                },
                "type": "binary-expr",
                "locations": [
                    {
                        "start": {
                            "line": 319,
                            "column": 20
                        },
                        "end": {
                            "line": 319,
                            "column": 32
                        }
                    },
                    {
                        "start": {
                            "line": 319,
                            "column": 36
                        },
                        "end": {
                            "line": 319,
                            "column": 42
                        }
                    }
                ]
            },
            "15": {
                "loc": {
                    "start": {
                        "line": 353,
                        "column": 31
                    },
                    "end": {
                        "line": 353,
                        "column": 65
                    }
                },
                "type": "binary-expr",
                "locations": [
                    {
                        "start": {
                            "line": 353,
                            "column": 32
                        },
                        "end": {
                            "line": 353,
                            "column": 38
                        }
                    },
                    {
                        "start": {
                            "line": 353,
                            "column": 42
                        },
                        "end": {
                            "line": 353,
                            "column": 54
                        }
                    },
                    {
                        "start": {
                            "line": 353,
                            "column": 59
                        },
                        "end": {
                            "line": 353,
                            "column": 65
                        }
                    }
                ]
            },
            "16": {
                "loc": {
                    "start": {
                        "line": 363,
                        "column": 23
                    },
                    "end": {
                        "line": 363,
                        "column": 45
                    }
                },
                "type": "binary-expr",
                "locations": [
                    {
                        "start": {
                            "line": 363,
                            "column": 23
                        },
                        "end": {
                            "line": 363,
                            "column": 40
                        }
                    },
                    {
                        "start": {
                            "line": 363,
                            "column": 44
                        },
                        "end": {
                            "line": 363,
                            "column": 45
                        }
                    }
                ]
            },
            "17": {
                "loc": {
                    "start": {
                        "line": 365,
                        "column": 4
                    },
                    "end": {
                        "line": 368,
                        "column": 5
                    }
                },
                "type": "if",
                "locations": [
                    {
                        "start": {
                            "line": 365,
                            "column": 4
                        },
                        "end": {
                            "line": 368,
                            "column": 5
                        }
                    },
                    {
                        "start": {
                            "line": 365,
                            "column": 4
                        },
                        "end": {
                            "line": 368,
                            "column": 5
                        }
                    }
                ]
            },
            "18": {
                "loc": {
                    "start": {
                        "line": 378,
                        "column": 10
                    },
                    "end": {
                        "line": 382,
                        "column": 11
                    }
                },
                "type": "if",
                "locations": [
                    {
                        "start": {
                            "line": 378,
                            "column": 10
                        },
                        "end": {
                            "line": 382,
                            "column": 11
                        }
                    },
                    {
                        "start": {
                            "line": 378,
                            "column": 10
                        },
                        "end": {
                            "line": 382,
                            "column": 11
                        }
                    }
                ]
            }
        },
        "s": {
            "0": 1,
            "1": 1,
            "2": 1,
            "3": 1,
            "4": 1,
            "5": 1,
            "6": 15,
            "7": 15,
            "8": 15,
            "9": 15,
            "10": 15,
            "11": 15,
            "12": 15,
[...]
                    "line": 35,
                    "column": 25
                },
                "end": {
                    "line": 41,
                    "column": 6
                }
            },
            "8": {
                "start": {
                    "line": 43,
                    "column": 4
                },
                "end": {
                    "line": 43,
                    "column": 33
                }
            },
            "9": {
                "start": {
                    "line": 45,
                    "column": 4
                },
                "end": {
                    "line": 47,
                    "column": 6
                }
            },
            "10": {
                "start": {
                    "line": 46,
                    "column": 6
                },
                "end": {
                    "line": 46,
                    "column": 51
                }
            },
            "11": {
                "start": {
                    "line": 51,
                    "column": 2
                },
                "end": {
                    "line": 64,
                    "column": 3
                }
            },
            "12": {
                "start": {
                    "line": 52,
                    "column": 31
                },
                "end": {
                    "line": 58,
                    "column": 6
                }
            },
            "13": {
                "start": {
                    "line": 59,
                    "column": 4
                },
                "end": {
                    "line": 59,
                    "column": 45
                }
            },
            "14": {
                "start": {
                    "line": 61,
                    "column": 4
                },
                "end": {
                    "line": 63,
                    "column": 6
                }
            },
            "15": {
                "start": {
                    "line": 62,
                    "column": 6
                },
                "end": {
                    "line": 62,
                    "column": 57
                }
            },
            "16": {
                "start": {
                    "line": 66,
                    "column": 2
                },
                "end": {
                    "line": 72,
                    "column": 4
                }
            },
            "17": {
                "start": {
                    "line": 75,
                    "column": 0
                },
                "end": {
                    "line": 75,
                    "column": 33
                }
            },
            "18": {
                "start": {
                    "line": 76,
                    "column": 0
                },
                "end": {
                    "line": 76,
                    "column": 33
                }
            }
        },
        "fnMap": {
            "0": {
                "name": "mongoQueue",
                "decl": {
                    "start": {
                        "line": 9,
                        "column": 26
                    },
                    "end": {
                        "line": 9,
                        "column": 36
                    }
                },
                "loc": {
                    "start": {
                        "line": 9,
                        "column": 43
                    },
                    "end": {
                        "line": 73,
                        "column": 1
                    }
                }
            },
            "1": {
                "name": "(anonymous_1)",
                "decl": {
                    "start": {
                        "line": 45,
                        "column": 14
                    },
                    "end": {
                        "line": 45,
                        "column": 15
                    }
                },
                "loc": {
                    "start": {
                        "line": 45,
                        "column": 25
                    },
                    "end": {
                        "line": 47,
                        "column": 5
                    }
                }
            },
            "2": {
                "name": "(anonymous_2)",
                "decl": {
                    "start": {
                        "line": 61,
                        "column": 20
                    },
                    "end": {
                        "line": 61,
                        "column": 21
                    }
                },
                "loc": {
                    "start": {
                        "line": 61,
                        "column": 32
                    },
                    "end": {
                        "line": 63,
                        "column": 5
                    }
                }
            }
        },
        "branchMap": {
            "0": {
                "loc": {
                    "start": {
                        "line": 15,
                        "column": 15
                    },
                    "end": {
                        "line": 15,
                        "column": 35
                    }
                },
                "type": "binary-expr",
                "locations": [
                    {
                        "start": {
                            "line": 15,
                            "column": 15
                        },
                        "end": {
                            "line": 15,
                            "column": 29
                        }
                    },
                    {
                        "start": {
                            "line": 15,
                            "column": 33
                        },
                        "end": {
                            "line": 15,
                            "column": 35
                        }
                    }
                ]
            },
            "1": {
                "loc": {
                    "start": {
                        "line": 34,
                        "column": 2
                    },
                    "end": {
                        "line": 48,
                        "column": 3
                    }
                },
                "type": "if",
                "locations": [
                    {
                        "start": {
                            "line": 34,
                            "column": 2
                        },
                        "end": {
                            "line": 48,
                            "column": 3
                        }
                    },
                    {
                        "start": {
                            "line": 34,
                            "column": 2
                        },
                        "end": {
                            "line": 48,
                            "column": 3
                        }
                    }
                ]
            },
            "2": {
                "loc": {
                    "start": {
                        "line": 51,
                        "column": 2
                    },
                    "end": {
                        "line": 64,
                        "column": 3
                    }
                },
                "type": "if",
                "locations": [
                    {
                        "start": {
                            "line": 51,
                            "column": 2
                        },
                        "end": {
                            "line": 64,
                            "column": 3
                        }
                    },
                    {
                        "start": {
                            "line": 51,
                            "column": 2
                        },
                        "end": {
                            "line": 64,
                            "column": 3
                        }
                    }
                ]
            }
        },
        "s": {
            "0": 1,
            "1": 1,
            "2": 1,
            "3": 1,
            "4": 1,
            "5": 1,
            "6": 1,
            "7": 0,
            "8": 0,
            "9": 1,
            "10": 0,
            "11": 1,
            "12": 0,
            "13": 0,
            "14": 1,
            "15": 0,
            "16": 1,
            "17": 1,
            "18": 1
        },
        "f": {
            "0": 1,
            "1": 0,
            "2": 0
        },
        "b": {
            "0": [
                1,
                1
            ],
            "1": [
                0,
                1
            ],
            "2": [
                0,
                1
            ]
        },
        "_coverageSchema": "332fd63041d2c1bcb487cc26dd0d5f7d97098a6c",
        "hash": "98832c17ebb83ebbda19691575361044df769110",
        "contentHash": "9eeb361eee2f1279e6e77e7361b782d0_10.1.2"
    },
    "/Users/chandan/Work/Tke_Mobility/Tke_Mobility_Dev/mongo-queue/lib/cron.js": {
        "path": "/Users/chandan/Work/Tke_Mobility/Tke_Mobility_Dev/mongo-queue/lib/cron.js",
        "statementMap": {
            "0": {
                "start": {
                    "line": 3,
                    "column": 16
                },
                "end": {
                    "line": 3,
                    "column": 35
                }
            },
            "1": {
                "start": {
                    "line": 4,
                    "column": 16
                },
                "end": {
                    "line": 4,
                    "column": 38
                }
            },
            "2": {
                "start": {
                    "line": 8,
                    "column": 0
                },
                "end": {
                    "line": 52,
                    "column": 2
                }
            },
            "3": {
                "start": {
                    "line": 9,
                    "column": 14
                },
                "end": {
                    "line": 26,
                    "column": 4
                }
            },
            "4": {
                "start": {
                    "line": 18,
                    "column": 8
                },
                "end": {
                    "line": 23,
                    "column": 32
                }
            },
            "5": {
                "start": {
                    "line": 21,
                    "column": 12
                },
                "end": {
                    "line": 21,
                    "column": 35
                }
            },
            "6": {
                "start": {
                    "line": 28,
                    "column": 2
                },
                "end": {
                    "line": 28,
                    "column": 21
                }
            },
            "7": {
                "start": {
                    "line": 30,
                    "column": 2
                },
                "end": {
                    "line": 32,
                    "column": 17
                }
            },
            "8": {
                "start": {
                    "line": 31,
                    "column": 4
                },
                "end": {
                    "line": 31,
                    "column": 18
                }
            },
            "9": {
                "start": {
                    "line": 35,
                    "column": 4
                },
                "end": {
                    "line": 39,
                    "column": 5
                }
            },
            "10": {
                "start": {
                    "line": 36,
                    "column": 6
                },
                "end": {
                    "line": 36,
                    "column": 32
                }
            },
            "11": {
                "start": {
                    "line": 38,
                    "column": 6
                },
                "end": {
                    "line": 38,
                    "column": 27
                }
            },
            "12": {
                "start": {
                    "line": 47,
                    "column": 4
                },
                "end": {
                    "line": 47,
                    "column": 80
                }
            },
            "13": {
                "start": {
                    "line": 48,
                    "column": 4
                },
                "end": {
                    "line": 48,
                    "column": 82
                }
            },
            "14": {
                "start": {
                    "line": 49,
                    "column": 4
                },
                "end": {
                    "line": 49,
                    "column": 80
                }
            },
            "15": {
                "start": {
                    "line": 50,
                    "column": 4
                },
                "end": {
                    "line": 50,
                    "column": 88
                }
            }
        },
        "fnMap": {
            "0": {
                "name": "(anonymous_0)",
                "decl": {
                    "start": {
                        "line": 8,
                        "column": 20
                    },
                    "end": {
                        "line": 8,
                        "column": 21
                    }
                },
                "loc": {
                    "start": {
                        "line": 8,
                        "column": 35
                    },
                    "end": {
                        "line": 52,
                        "column": 1
                    }
                }
            },
            "1": {
                "name": "(anonymous_1)",
                "decl": {
                    "start": {
                        "line": 17,
                        "column": 14
                    },
                    "end": {
                        "line": 17,
                        "column": 15
                    }
                },
                "loc": {
                    "start": {
                        "line": 17,
                        "column": 38
                    },
                    "end": {
                        "line": 24,
                        "column": 7
                    }
                }
            },
            "2": {
                "name": "(anonymous_2)",
                "decl": {
                    "start": {
                        "line": 20,
                        "column": 17
                    },
                    "end": {
                        "line": 20,
                        "column": 18
                    }
                },
                "loc": {
                    "start": {
                        "line": 20,
                        "column": 31
                    },
                    "end": {
                        "line": 22,
                        "column": 11
                    }
                }
            },
            "3": {
                "name": "(anonymous_3)",
                "decl": {
                    "start": {
                        "line": 30,
                        "column": 30
                    },
                    "end": {
                        "line": 30,
                        "column": 31
                    }
                },
                "loc": {
                    "start": {
                        "line": 30,
                        "column": 43
                    },
                    "end": {
                        "line": 32,
                        "column": 3
                    }
                }
            },
            "4": {
                "name": "wrapHandler",
                "decl": {
                    "start": {
                        "line": 34,
                        "column": 11
                    },
                    "end": {
                        "line": 34,
                        "column": 22
                    }
                },
                "loc": {
                    "start": {
                        "line": 34,
                        "column": 27
                    },
                    "end": {
                        "line": 40,
                        "column": 3
                    }
                }
            },
            "5": {
                "name": "(anonymous_5)",
                "decl": {
                    "start": {
                        "line": 38,
                        "column": 13
                    },
                    "end": {
                        "line": 38,
                        "column": 14
                    }
                },
                "loc": {
                    "start": {
                        "line": 38,
                        "column": 24
                    },
                    "end": {
                        "line": 38,
                        "column": 26
                    }
                }
            },
            "6": {
                "name": "initialiseJob",
                "decl": {
                    "start": {
                        "line": 46,
                        "column": 11
                    },
                    "end": {
                        "line": 46,
                        "column": 24
                    }
                },
                "loc": {
                    "start": {
                        "line": 46,
                        "column": 30
                    },
                    "end": {
                        "line": 51,
                        "column": 3
                    }
                }
            }
        },
        "branchMap": {
            "0": {
                "loc": {
                    "start": {
                        "line": 35,
                        "column": 4
                    },
                    "end": {
                        "line": 39,
                        "column": 5
                    }
                },
                "type": "if",
                "locations": [
                    {
                        "start": {
                            "line": 35,
                            "column": 4
                        },
                        "end": {
                            "line": 39,
                            "column": 5
                        }
                    },
                    {
                        "start": {
                            "line": 35,
                            "column": 4
                        },
                        "end": {
                            "line": 39,
                            "column": 5
                        }
                    }
                ]
            }
        },
        "s": {
            "0": 1,
            "1": 1,
            "2": 1,
            "3": 1,
            "4": 2,
            "5": 0,
            "6": 1,
            "7": 1,
            "8": 1,
            "9": 4,
            "10": 0,
            "11": 4,
            "12": 1,
            "13": 1,
            "14": 1,
            "15": 1
        },
        "f": {
            "0": 1,
            "1": 2,
            "2": 0,
            "3": 1,
            "4": 4,
            "5": 4,
            "6": 1
        },
        "b": {
            "0": [
                0,
                4
            ]
        },
        "_coverageSchema": "332fd63041d2c1bcb487cc26dd0d5f7d97098a6c",
        "hash": "9cb5e5f197ba930f76f37ece17b923096bcba094",
        "contentHash": "92078af50e59518a87828c0945c27b13_10.1.2"
    }
}